[doctest] run with "--help" for options
===============================================================================
test_cases_and_suites.cpp(0)
TEST CASE:  should fail because of an exception

TEST CASE FAILED!
threw exception:
  0

===============================================================================
test_cases_and_suites.cpp(0)
TEST CASE:  fixtured test - not part of a test suite

test_cases_and_suites.cpp(0) ERROR!
  CHECK( data == 85 )
with expansion:
  CHECK( 21 == 85 )

===============================================================================
test_cases_and_suites.cpp(0)
TEST SUITE: scoped test suite
TEST CASE:  part of scoped

test_cases_and_suites.cpp(0) FATAL ERROR!

===============================================================================
test_cases_and_suites.cpp(0)
TEST SUITE: scoped test suite
TEST CASE:  part of scoped 2

test_cases_and_suites.cpp(0) FATAL ERROR!

===============================================================================
test_cases_and_suites.cpp(0)
TEST SUITE: some TS
TEST CASE:  part of some TS

test_cases_and_suites.cpp(0) FATAL ERROR!

===============================================================================
[doctest] test cases:    6 |    1 passed |    5 failed | 
[doctest] assertions:    5 |    1 passed |    4 failed |
[doctest] Status: FAILURE!
Program code.
